<?xml version="1.0" encoding="UTF-8"?>
<!-- Generated by org.testng.reporters.JUnitXMLReporter -->
<testsuite ignored="1" hostname="Chinni-PC" failures="0" tests="2" name="Submit Order Test(failed)" time="44.928" errors="0" timestamp="2023-09-05T13:56:15 IST">
  <testcase classname="rahulshettyacademy.Tests.SubmitOrderTest" name="submitOrder" time="19.548"/>
  <testcase classname="rahulshettyacademy.Tests.SubmitOrderTest" name="submitOrder" time="19.969"/>
  <testcase classname="rahulshettyacademy.Tests.SubmitOrderTest" name="orderHistoryTest" time="0.0">
    <ignored/>
  </testcase> <!-- orderHistoryTest -->
</testsuite> <!-- Submit Order Test(failed) -->
